<?xml version="1.0" encoding="UTF-8"?>
<testng-results ignored="0" total="1" passed="1" failed="0" skipped="0">
  <reporter-output>
  </reporter-output>
  <suite started-at="2025-11-13T10:13:06 IST" name="Default suite" finished-at="2025-11-13T10:13:10 IST" duration-ms="4561">
    <groups>
    </groups>
    <test started-at="2025-11-13T10:13:06 IST" name="Default test" finished-at="2025-11-13T10:13:10 IST" duration-ms="4561">
      <class name="com.swathi.tests.LoginTest">
        <test-method is-config="true" signature="setUp()[pri:0, instance:com.swathi.tests.LoginTest@292b08d6]" started-at="2025-11-13T10:13:06 IST" name="setUp" finished-at="2025-11-13T10:13:07 IST" duration-ms="1928" status="PASS">
          <reporter-output>
          </reporter-output>
        </test-method> <!-- setUp -->
        <test-method signature="loginTest()[pri:0, instance:com.swathi.tests.LoginTest@292b08d6]" started-at="2025-11-13T10:13:08 IST" name="loginTest" finished-at="2025-11-13T10:13:10 IST" duration-ms="2364" status="PASS">
          <reporter-output>
          </reporter-output>
        </test-method> <!-- loginTest -->
        <test-method is-config="true" signature="tearDown()[pri:0, instance:com.swathi.tests.LoginTest@292b08d6]" started-at="2025-11-13T10:13:10 IST" name="tearDown" finished-at="2025-11-13T10:13:10 IST" duration-ms="230" status="PASS">
          <reporter-output>
          </reporter-output>
        </test-method> <!-- tearDown -->
      </class> <!-- com.swathi.tests.LoginTest -->
    </test> <!-- Default test -->
  </suite> <!-- Default suite -->
</testng-results>
